build/app/intermediates/manifest_merge_blame_file/debug/manifest-merger-blame-debug-report.txt
1<?xml version="1.0" encoding="utf-8"?>
2<manifest xmlns:android="http://schemas.android.com/apk/res/android"
3    package="com.example.socialdemo"
4    android:versionCode="1"
5    android:versionName="1.0.0" >
6
7    <uses-sdk
8        android:minSdkVersion="16"
9        android:targetSdkVersion="29" />
10    <!--
11         Flutter needs it to communicate with the running application
12         to allow setting breakpoints, to provide hot reload, etc.
13    -->
14    <uses-permission android:name="android.permission.INTERNET" />
14-->src/debug/AndroidManifest.xml:6:5-66
14-->src/debug/AndroidManifest.xml:6:22-64
15    <uses-permission android:name="android.permission.ACCESS_NETWORK_STATE" />
15-->[:connectivity] AndroidManifest.xml:7:5-79
15-->[:connectivity] AndroidManifest.xml:7:22-76
16    <!--
17 io.flutter.app.FlutterApplication is an android.app.Application that
18         calls FlutterMain.startInitialization(this); in its onCreate method.
19         In most cases you can leave this as-is, but you if you want to provide
20         additional functionality it is fine to subclass or reimplement
21         FlutterApplication and put your custom class here.
22    -->
23    <application
23-->src/main/AndroidManifest.xml:8:5-50:19
24        android:name="io.flutter.app.FlutterApplication"
24-->src/main/AndroidManifest.xml:9:9-57
25        android:appComponentFactory="androidx.core.app.CoreComponentFactory"
25-->[androidx.core:core:1.3.1] AndroidManifest.xml:24:18-86
26        android:debuggable="true"
27        android:icon="@mipmap/ic_launcher"
27-->src/main/AndroidManifest.xml:11:9-43
28        android:label="social_demo"
28-->src/main/AndroidManifest.xml:10:9-36
29        android:supportsRtl="true" >
29-->[com.facebook.android:facebook-login:5.5.1] AndroidManifest.xml:28:18-44
30        <meta-data
30-->src/main/AndroidManifest.xml:12:9-116
31            android:name="com.google.android.geo.API_KEY"
31-->src/main/AndroidManifest.xml:12:20-65
32            android:value="c0331b0daa107fcd9355fd79660ea4d9" />
32-->src/main/AndroidManifest.xml:12:66-114
33        <meta-data
33-->src/main/AndroidManifest.xml:13:9-14:54
34            android:name="com.facebook.sdk.ApplicationId"
34-->src/main/AndroidManifest.xml:13:20-65
35            android:value="@string/facebook_app_id" />
35-->src/main/AndroidManifest.xml:14:13-52
36
37        <activity
37-->src/main/AndroidManifest.xml:15:9-43:20
38            android:name="com.example.socialdemo.MainActivity"
38-->src/main/AndroidManifest.xml:16:13-41
39            android:configChanges="orientation|keyboardHidden|keyboard|screenSize|smallestScreenSize|locale|layoutDirection|fontScale|screenLayout|density|uiMode"
39-->src/main/AndroidManifest.xml:19:13-163
40            android:hardwareAccelerated="true"
40-->src/main/AndroidManifest.xml:20:13-47
41            android:launchMode="singleTop"
41-->src/main/AndroidManifest.xml:17:13-43
42            android:theme="@style/LaunchTheme"
42-->src/main/AndroidManifest.xml:18:13-47
43            android:windowSoftInputMode="adjustResize" >
43-->src/main/AndroidManifest.xml:21:13-55
44
45            <!--
46                 Specifies an Android theme to apply to this Activity as soon as
47                 the Android process has started. This theme is visible to the user
48                 while the Flutter UI initializes. After that, this theme continues
49                 to determine the Window background behind the Flutter UI.
50            -->
51            <meta-data
51-->src/main/AndroidManifest.xml:26:13-29:17
52                android:name="io.flutter.embedding.android.NormalTheme"
52-->src/main/AndroidManifest.xml:27:15-70
53                android:resource="@style/NormalTheme" />
53-->src/main/AndroidManifest.xml:28:15-52
54            <!--
55                 Displays an Android View that continues showing the launch screen
56                 Drawable until Flutter paints its first frame, then this splash
57                 screen fades out. A splash screen is useful to avoid any visual
58                 gap between the end of Android's launch screen and the painting of
59                 Flutter's first frame.
60            -->
61            <meta-data
61-->src/main/AndroidManifest.xml:35:13-38:17
62                android:name="io.flutter.embedding.android.SplashScreenDrawable"
62-->src/main/AndroidManifest.xml:36:15-79
63                android:resource="@drawable/launch_background" />
63-->src/main/AndroidManifest.xml:37:15-61
64
65            <intent-filter>
65-->src/main/AndroidManifest.xml:39:13-42:29
66                <action android:name="android.intent.action.MAIN" />
66-->src/main/AndroidManifest.xml:40:17-68
66-->src/main/AndroidManifest.xml:40:25-66
67
68                <category android:name="android.intent.category.LAUNCHER" />
68-->src/main/AndroidManifest.xml:41:17-76
68-->src/main/AndroidManifest.xml:41:27-74
69            </intent-filter>
70        </activity>
71
72        <!--
73             Don't delete the meta-data below.
74             This is used by the Flutter tool to generate GeneratedPluginRegistrant.java
75        -->
76        <meta-data
76-->src/main/AndroidManifest.xml:47:9-49:33
77            android:name="flutterEmbedding"
77-->src/main/AndroidManifest.xml:48:13-44
78            android:value="2" />
78-->src/main/AndroidManifest.xml:49:13-30
79
80        <service
80-->[:firebase_dynamic_links] AndroidManifest.xml:10:9-14:19
81            android:name="com.google.firebase.components.ComponentDiscoveryService"
81-->[:firebase_dynamic_links] AndroidManifest.xml:10:18-89
82            android:directBootAware="true"
82-->[com.google.firebase:firebase-common:19.5.0] AndroidManifest.xml:35:13-43
83            android:exported="false" >
83-->[com.google.firebase:firebase-dynamic-links:19.1.1] AndroidManifest.xml:10:13-37
84            <meta-data
84-->[:firebase_dynamic_links] AndroidManifest.xml:11:13-13:85
85                android:name="com.google.firebase.components:io.flutter.plugins.firebasedynamiclinks.FlutterFirebaseAppRegistrar"
85-->[:firebase_dynamic_links] AndroidManifest.xml:12:17-130
86                android:value="com.google.firebase.components.ComponentRegistrar" />
86-->[:firebase_dynamic_links] AndroidManifest.xml:13:17-82
87            <meta-data
87-->[:firebase_core] AndroidManifest.xml:9:13-11:85
88                android:name="com.google.firebase.components:io.flutter.plugins.firebase.core.FlutterFirebaseCoreRegistrar"
88-->[:firebase_core] AndroidManifest.xml:10:17-124
89                android:value="com.google.firebase.components.ComponentRegistrar" />
89-->[:firebase_core] AndroidManifest.xml:11:17-82
90            <meta-data
90-->[com.google.firebase:firebase-dynamic-links:19.1.1] AndroidManifest.xml:11:13-13:85
91                android:name="com.google.firebase.components:com.google.firebase.dynamiclinks.internal.FirebaseDynamicLinkRegistrar"
91-->[com.google.firebase:firebase-dynamic-links:19.1.1] AndroidManifest.xml:12:17-133
92                android:value="com.google.firebase.components.ComponentRegistrar" />
92-->[com.google.firebase:firebase-dynamic-links:19.1.1] AndroidManifest.xml:13:17-82
93            <!--
94                This registrar is not defined in the dynamic-module-support sdk itself to allow non-firebase
95                clients to use it as well, by defining this registrar in their own core/common library.
96            -->
97            <meta-data
97-->[com.google.firebase:firebase-common:19.5.0] AndroidManifest.xml:43:13-45:85
98                android:name="com.google.firebase.components:com.google.firebase.dynamicloading.DynamicLoadingRegistrar"
98-->[com.google.firebase:firebase-common:19.5.0] AndroidManifest.xml:44:17-121
99                android:value="com.google.firebase.components.ComponentRegistrar" />
99-->[com.google.firebase:firebase-common:19.5.0] AndroidManifest.xml:45:17-82
100        </service>
101
102        <provider
102-->[:share] AndroidManifest.xml:8:9-16:20
103            android:name="io.flutter.plugins.share.ShareFileProvider"
103-->[:share] AndroidManifest.xml:9:13-70
104            android:authorities="com.example.socialdemo.flutter.share_provider"
104-->[:share] AndroidManifest.xml:10:13-74
105            android:exported="false"
105-->[:share] AndroidManifest.xml:11:13-37
106            android:grantUriPermissions="true" >
106-->[:share] AndroidManifest.xml:12:13-47
107            <meta-data
107-->[:share] AndroidManifest.xml:13:13-15:68
108                android:name="android.support.FILE_PROVIDER_PATHS"
108-->[:share] AndroidManifest.xml:14:17-67
109                android:resource="@xml/flutter_share_file_paths" />
109-->[:share] AndroidManifest.xml:15:17-65
110        </provider>
111
112        <activity
112-->[com.facebook.android:facebook-common:5.5.1] AndroidManifest.xml:29:9-32:66
113            android:name="com.facebook.FacebookActivity"
113-->[com.facebook.android:facebook-common:5.5.1] AndroidManifest.xml:30:13-57
114            android:configChanges="keyboard|keyboardHidden|screenLayout|screenSize|orientation"
114-->[com.facebook.android:facebook-common:5.5.1] AndroidManifest.xml:31:13-96
115            android:theme="@style/com_facebook_activity_theme" />
115-->[com.facebook.android:facebook-common:5.5.1] AndroidManifest.xml:32:13-63
116        <activity android:name="com.facebook.CustomTabMainActivity" />
116-->[com.facebook.android:facebook-common:5.5.1] AndroidManifest.xml:33:9-71
116-->[com.facebook.android:facebook-common:5.5.1] AndroidManifest.xml:33:19-68
117        <activity android:name="com.facebook.CustomTabActivity" />
117-->[com.facebook.android:facebook-common:5.5.1] AndroidManifest.xml:34:9-67
117-->[com.facebook.android:facebook-common:5.5.1] AndroidManifest.xml:34:19-64
118        <activity
118-->[com.google.android.gms:play-services-auth:16.0.1] AndroidManifest.xml:23:9-27:75
119            android:name="com.google.android.gms.auth.api.signin.internal.SignInHubActivity"
119-->[com.google.android.gms:play-services-auth:16.0.1] AndroidManifest.xml:24:13-93
120            android:excludeFromRecents="true"
120-->[com.google.android.gms:play-services-auth:16.0.1] AndroidManifest.xml:25:13-46
121            android:exported="false"
121-->[com.google.android.gms:play-services-auth:16.0.1] AndroidManifest.xml:26:13-37
122            android:theme="@android:style/Theme.Translucent.NoTitleBar" />
122-->[com.google.android.gms:play-services-auth:16.0.1] AndroidManifest.xml:27:13-72
123        <!--
124            Service handling Google Sign-In user revocation. For apps that do not integrate with
125            Google Sign-In, this service will never be started.
126        -->
127        <service
127-->[com.google.android.gms:play-services-auth:16.0.1] AndroidManifest.xml:33:9-36:110
128            android:name="com.google.android.gms.auth.api.signin.RevocationBoundService"
128-->[com.google.android.gms:play-services-auth:16.0.1] AndroidManifest.xml:34:13-89
129            android:exported="true"
129-->[com.google.android.gms:play-services-auth:16.0.1] AndroidManifest.xml:35:13-36
130            android:permission="com.google.android.gms.auth.api.signin.permission.REVOCATION_NOTIFICATION" />
130-->[com.google.android.gms:play-services-auth:16.0.1] AndroidManifest.xml:36:13-107
131
132        <activity
132-->[com.google.android.gms:play-services-base:17.0.0] AndroidManifest.xml:23:9-26:75
133            android:name="com.google.android.gms.common.api.GoogleApiActivity"
133-->[com.google.android.gms:play-services-base:17.0.0] AndroidManifest.xml:24:13-79
134            android:exported="false"
134-->[com.google.android.gms:play-services-base:17.0.0] AndroidManifest.xml:25:13-37
135            android:theme="@android:style/Theme.Translucent.NoTitleBar" />
135-->[com.google.android.gms:play-services-base:17.0.0] AndroidManifest.xml:26:13-72
136
137        <provider
137-->[com.google.firebase:firebase-common:19.5.0] AndroidManifest.xml:26:9-31:39
138            android:name="com.google.firebase.provider.FirebaseInitProvider"
138-->[com.google.firebase:firebase-common:19.5.0] AndroidManifest.xml:27:13-77
139            android:authorities="com.example.socialdemo.firebaseinitprovider"
139-->[com.google.firebase:firebase-common:19.5.0] AndroidManifest.xml:28:13-72
140            android:directBootAware="true"
140-->[com.google.firebase:firebase-common:19.5.0] AndroidManifest.xml:29:13-43
141            android:exported="false"
141-->[com.google.firebase:firebase-common:19.5.0] AndroidManifest.xml:30:13-37
142            android:initOrder="100" />
142-->[com.google.firebase:firebase-common:19.5.0] AndroidManifest.xml:31:13-36
143
144        <meta-data
144-->[com.google.android.gms:play-services-basement:17.0.0] AndroidManifest.xml:23:9-25:69
145            android:name="com.google.android.gms.version"
145-->[com.google.android.gms:play-services-basement:17.0.0] AndroidManifest.xml:24:13-58
146            android:value="@integer/google_play_services_version" />
146-->[com.google.android.gms:play-services-basement:17.0.0] AndroidManifest.xml:25:13-66
147        <!--
148         The initialization ContentProvider will call FacebookSdk.sdkInitialize automatically
149         with the application context. This config is merged in with the host app's manifest,
150         but there can only be one provider with the same authority activated at any given
151         point; so if the end user has two or more different apps that use Facebook SDK, only the
152         first one will be able to use the provider. To work around this problem, we use the
153         following placeholder in the authority to identify each host application as if it was
154         a completely different provider.
155        -->
156        <provider
156-->[com.facebook.android:facebook-core:5.5.1] AndroidManifest.xml:39:9-42:40
157            android:name="com.facebook.internal.FacebookInitProvider"
157-->[com.facebook.android:facebook-core:5.5.1] AndroidManifest.xml:40:13-70
158            android:authorities="com.example.socialdemo.FacebookInitProvider"
158-->[com.facebook.android:facebook-core:5.5.1] AndroidManifest.xml:41:13-72
159            android:exported="false" />
159-->[com.facebook.android:facebook-core:5.5.1] AndroidManifest.xml:42:13-37
160
161        <receiver
161-->[com.facebook.android:facebook-core:5.5.1] AndroidManifest.xml:44:9-50:20
162            android:name="com.facebook.CurrentAccessTokenExpirationBroadcastReceiver"
162-->[com.facebook.android:facebook-core:5.5.1] AndroidManifest.xml:45:13-86
163            android:exported="false" >
163-->[com.facebook.android:facebook-core:5.5.1] AndroidManifest.xml:46:13-37
164            <intent-filter>
164-->[com.facebook.android:facebook-core:5.5.1] AndroidManifest.xml:47:13-49:29
165                <action android:name="com.facebook.sdk.ACTION_CURRENT_ACCESS_TOKEN_CHANGED" />
165-->[com.facebook.android:facebook-core:5.5.1] AndroidManifest.xml:48:17-95
165-->[com.facebook.android:facebook-core:5.5.1] AndroidManifest.xml:48:25-92
166            </intent-filter>
167        </receiver>
168        <receiver
168-->[com.facebook.android:facebook-core:5.5.1] AndroidManifest.xml:51:9-58:20
169            android:name="com.facebook.CampaignTrackingReceiver"
169-->[com.facebook.android:facebook-core:5.5.1] AndroidManifest.xml:52:13-65
170            android:exported="true"
170-->[com.facebook.android:facebook-core:5.5.1] AndroidManifest.xml:53:13-36
171            android:permission="android.permission.INSTALL_PACKAGES" >
171-->[com.facebook.android:facebook-core:5.5.1] AndroidManifest.xml:54:13-69
172            <intent-filter>
172-->[com.facebook.android:facebook-core:5.5.1] AndroidManifest.xml:55:13-57:29
173                <action android:name="com.android.vending.INSTALL_REFERRER" />
173-->[com.facebook.android:facebook-core:5.5.1] AndroidManifest.xml:56:17-79
173-->[com.facebook.android:facebook-core:5.5.1] AndroidManifest.xml:56:25-76
174            </intent-filter>
175        </receiver>
176    </application>
177
178</manifest>